Feb 22, 2024 1:05:11 PM SystemLogger update
資訊: 
Student Registration System

Feb 22, 2024 1:05:11 PM SystemLogger update
資訊: 1) List all students
Feb 22, 2024 1:05:11 PM SystemLogger update
資訊: 2) List all courses
Feb 22, 2024 1:05:11 PM SystemLogger update
資訊: 3) List students who registered for a course
Feb 22, 2024 1:05:11 PM SystemLogger update
資訊: 4) List courses a student has registered for
Feb 22, 2024 1:05:11 PM SystemLogger update
資訊: 5) List courses a student has completed
Feb 22, 2024 1:05:11 PM SystemLogger update
資訊: 6) Register a student for a course
Feb 22, 2024 1:05:11 PM SystemLogger update
資訊: 7) Check student course conflict
Feb 22, 2024 1:05:11 PM SystemLogger update
資訊: x) Exit
Feb 22, 2024 1:05:11 PM SystemLogger update
資訊: 
Enter your choice and press return >> 
